{"cacheEnabled":true,"cacheTTL":300,"environment":"development","level":"info","message":"Server started on port 3000","service":"currency-exchange-api","timestamp":"2025-11-18T04:46:54.916Z","version":"1.0.0"}
{"duration":19,"ip":"::1","level":"info","message":"Request completed","method":"GET","path":"/health","service":"currency-exchange-api","statusCode":200,"timestamp":"2025-11-18T04:49:34.449Z"}
{"duration":3,"ip":"::1","level":"info","message":"Request completed","method":"GET","path":"/favicon.ico","service":"currency-exchange-api","statusCode":404,"timestamp":"2025-11-18T04:49:34.719Z"}
{"duration":3,"ip":"::1","level":"info","message":"Request completed","method":"GET","path":"/healthf","service":"currency-exchange-api","statusCode":404,"timestamp":"2025-11-18T04:49:46.190Z"}
{"duration":4,"ip":"::1","level":"info","message":"Request completed","method":"GET","path":"//api/rates","service":"currency-exchange-api","statusCode":404,"timestamp":"2025-11-18T04:49:58.001Z"}
{"level":"info","message":"Fetching fresh market data","service":"currency-exchange-api","timestamp":"2025-11-18T04:50:01.726Z"}
{"level":"debug","message":"Fetching Binance Spot rate","service":"currency-exchange-api","timestamp":"2025-11-18T04:50:01.728Z"}
{"level":"debug","message":"Fetching CoinGecko rates","service":"currency-exchange-api","timestamp":"2025-11-18T04:50:01.762Z"}
{"level":"debug","message":"Fetching Binance P2P data","service":"currency-exchange-api","timestamp":"2025-11-18T04:50:01.770Z"}
{"error":"HTTP 400","level":"error","message":"Binance Spot fetch failed","service":"currency-exchange-api","timestamp":"2025-11-18T04:50:02.708Z"}
{"inr":88.54,"level":"debug","message":"CoinGecko rates fetched","ngn":1442.56,"service":"currency-exchange-api","timestamp":"2025-11-18T04:50:02.922Z"}
{"adsCount":20,"level":"debug","message":"Binance P2P data fetched","service":"currency-exchange-api","timestamp":"2025-11-18T04:50:03.394Z"}
{"level":"debug","message":"Analyzing P2P data","service":"currency-exchange-api","timestamp":"2025-11-18T04:50:03.395Z"}
{"level":"warn","message":"No ads passed strict filter, trying relaxed","service":"currency-exchange-api","timestamp":"2025-11-18T04:50:03.397Z"}
{"goodAds":2,"level":"debug","lowestRate":96.51,"message":"P2P analysis complete","service":"currency-exchange-api","timestamp":"2025-11-18T04:50:03.398Z","totalAds":20}
{"level":"info","message":"Market data cached","service":"currency-exchange-api","timestamp":"2025-11-18T04:50:03.399Z","ttl":300}
{"duration":1676,"ip":"::1","level":"info","message":"Request completed","method":"GET","path":"/api/rates","service":"currency-exchange-api","statusCode":200,"timestamp":"2025-11-18T04:50:03.402Z"}
{"duration":11,"ip":"::1","level":"info","message":"Request completed","method":"GET","path":"/metrics","service":"currency-exchange-api","statusCode":200,"timestamp":"2025-11-18T04:51:39.713Z"}
{"cacheEnabled":true,"cacheTTL":300,"environment":"development","level":"info","message":"Server started on port 3000","service":"currency-exchange-api","timestamp":"2025-11-18T04:52:03.677Z","version":"1.0.0"}
{"duration":15,"ip":"::1","level":"info","message":"Request completed","method":"GET","path":"/metrics","service":"currency-exchange-api","statusCode":200,"timestamp":"2025-11-18T04:52:04.956Z"}
{"level":"info","message":"Fetching fresh market data","service":"currency-exchange-api","timestamp":"2025-11-18T04:52:22.262Z"}
{"level":"debug","message":"Fetching Binance Spot rate","service":"currency-exchange-api","timestamp":"2025-11-18T04:52:22.264Z"}
{"level":"debug","message":"Fetching CoinGecko rates","service":"currency-exchange-api","timestamp":"2025-11-18T04:52:22.294Z"}
{"level":"debug","message":"Fetching Binance P2P data","service":"currency-exchange-api","timestamp":"2025-11-18T04:52:22.297Z"}
{"error":"HTTP 400","level":"error","message":"Binance Spot fetch failed","service":"currency-exchange-api","timestamp":"2025-11-18T04:52:22.748Z"}
{"inr":88.54,"level":"debug","message":"CoinGecko rates fetched","ngn":1442.46,"service":"currency-exchange-api","timestamp":"2025-11-18T04:52:22.871Z"}
{"adsCount":20,"level":"debug","message":"Binance P2P data fetched","service":"currency-exchange-api","timestamp":"2025-11-18T04:52:23.586Z"}
{"level":"debug","message":"Analyzing P2P data","service":"currency-exchange-api","timestamp":"2025-11-18T04:52:23.589Z"}
{"level":"warn","message":"No ads passed strict filter, trying relaxed","service":"currency-exchange-api","timestamp":"2025-11-18T04:52:23.590Z"}
{"goodAds":3,"level":"debug","lowestRate":96.52,"message":"P2P analysis complete","service":"currency-exchange-api","timestamp":"2025-11-18T04:52:23.591Z","totalAds":20}
{"level":"info","message":"Market data cached","service":"currency-exchange-api","timestamp":"2025-11-18T04:52:23.592Z","ttl":300}
{"duration":1333,"ip":"::1","level":"info","message":"Request completed","method":"GET","path":"/api/rates","service":"currency-exchange-api","statusCode":200,"timestamp":"2025-11-18T04:52:23.595Z"}
{"level":"debug","message":"Using cached market data","service":"currency-exchange-api","timestamp":"2025-11-18T04:52:30.346Z"}
{"duration":18,"ip":"::1","level":"info","message":"Request completed","method":"GET","path":"/api/rates","service":"currency-exchange-api","statusCode":200,"timestamp":"2025-11-18T04:52:30.364Z"}
{"level":"debug","message":"Using cached market data","service":"currency-exchange-api","timestamp":"2025-11-18T04:52:43.136Z"}
{"duration":4,"ip":"::1","level":"info","message":"Request completed","method":"GET","path":"/api/rates","service":"currency-exchange-api","statusCode":200,"timestamp":"2025-11-18T04:52:43.139Z"}
{"duration":14,"ip":"::1","level":"info","message":"Request completed","method":"GET","path":"/metrics","service":"currency-exchange-api","statusCode":200,"timestamp":"2025-11-18T04:52:52.364Z"}
{"duration":13,"ip":"::1","level":"info","message":"Request completed","method":"GET","path":"/metrics","service":"currency-exchange-api","statusCode":200,"timestamp":"2025-11-18T04:53:00.238Z"}
{"level":"debug","message":"Using cached market data","service":"currency-exchange-api","timestamp":"2025-11-18T04:53:50.880Z"}
{"duration":4,"ip":"::1","level":"info","message":"Request completed","method":"POST","path":"/api/convert","service":"currency-exchange-api","statusCode":200,"timestamp":"2025-11-18T04:53:50.884Z"}
{"duration":4,"ip":"::1","level":"info","message":"Request completed","method":"GET","path":"/metrics","service":"currency-exchange-api","statusCode":200,"timestamp":"2025-11-18T04:54:46.641Z"}
{"duration":5,"ip":"::1","level":"info","message":"Request completed","method":"GET","path":"/metrics","service":"currency-exchange-api","statusCode":200,"timestamp":"2025-11-18T04:58:12.284Z"}
{"level":"info","message":"Fetching fresh market data","service":"currency-exchange-api","timestamp":"2025-11-18T04:58:15.557Z"}
{"level":"debug","message":"Fetching Binance Spot rate","service":"currency-exchange-api","timestamp":"2025-11-18T04:58:15.559Z"}
{"level":"debug","message":"Fetching CoinGecko rates","service":"currency-exchange-api","timestamp":"2025-11-18T04:58:15.563Z"}
{"level":"debug","message":"Fetching Binance P2P data","service":"currency-exchange-api","timestamp":"2025-11-18T04:58:15.566Z"}
{"error":"HTTP 400","level":"error","message":"Binance Spot fetch failed","service":"currency-exchange-api","timestamp":"2025-11-18T04:58:16.105Z"}
{"adsCount":20,"level":"debug","message":"Binance P2P data fetched","service":"currency-exchange-api","timestamp":"2025-11-18T04:58:16.209Z"}
{"inr":88.55,"level":"debug","message":"CoinGecko rates fetched","ngn":1442.49,"service":"currency-exchange-api","timestamp":"2025-11-18T04:58:16.245Z"}
{"level":"debug","message":"Analyzing P2P data","service":"currency-exchange-api","timestamp":"2025-11-18T04:58:16.246Z"}
{"level":"warn","message":"No ads passed strict filter, trying relaxed","service":"currency-exchange-api","timestamp":"2025-11-18T04:58:16.247Z"}
{"goodAds":4,"level":"debug","lowestRate":96.6,"message":"P2P analysis complete","service":"currency-exchange-api","timestamp":"2025-11-18T04:58:16.247Z","totalAds":20}
{"level":"info","message":"Market data cached","service":"currency-exchange-api","timestamp":"2025-11-18T04:58:16.248Z","ttl":300}
{"duration":693,"ip":"::1","level":"info","message":"Request completed","method":"GET","path":"/api/rates","service":"currency-exchange-api","statusCode":200,"timestamp":"2025-11-18T04:58:16.250Z"}
{"level":"debug","message":"Using cached market data","service":"currency-exchange-api","timestamp":"2025-11-18T04:59:40.508Z"}
{"duration":4,"ip":"::1","level":"info","message":"Request completed","method":"GET","path":"/api/rates","service":"currency-exchange-api","statusCode":200,"timestamp":"2025-11-18T04:59:40.512Z"}
{"cacheEnabled":true,"cacheTTL":300,"environment":"development","level":"info","message":"Server started on port 3000","service":"currency-exchange-api","timestamp":"2025-11-18T05:02:29.545Z","version":"1.0.0"}
{"level":"info","message":"Fetching fresh market data","service":"currency-exchange-api","timestamp":"2025-11-18T05:02:29.718Z"}
{"level":"debug","message":"Fetching Binance Spot rate","service":"currency-exchange-api","timestamp":"2025-11-18T05:02:29.719Z"}
{"level":"debug","message":"Fetching CoinGecko rates","service":"currency-exchange-api","timestamp":"2025-11-18T05:02:29.756Z"}
{"level":"debug","message":"Fetching Binance P2P data","service":"currency-exchange-api","timestamp":"2025-11-18T05:02:29.759Z"}
{"error":"HTTP 400","level":"error","message":"Binance Spot fetch failed","service":"currency-exchange-api","timestamp":"2025-11-18T05:02:30.534Z"}
{"adsCount":20,"level":"debug","message":"Binance P2P data fetched","service":"currency-exchange-api","timestamp":"2025-11-18T05:02:30.721Z"}
{"inr":88.55,"level":"debug","message":"CoinGecko rates fetched","ngn":1442.43,"service":"currency-exchange-api","timestamp":"2025-11-18T05:02:30.725Z"}
{"level":"debug","message":"Analyzing P2P data","service":"currency-exchange-api","timestamp":"2025-11-18T05:02:30.727Z"}
{"level":"warn","message":"No ads passed strict filter, trying relaxed","service":"currency-exchange-api","timestamp":"2025-11-18T05:02:30.728Z"}
{"goodAds":3,"level":"debug","lowestRate":96.6,"message":"P2P analysis complete","service":"currency-exchange-api","timestamp":"2025-11-18T05:02:30.729Z","totalAds":20}
{"level":"info","message":"Market data cached","service":"currency-exchange-api","timestamp":"2025-11-18T05:02:30.730Z","ttl":300}
{"duration":1019,"ip":"::1","level":"info","message":"Request completed","method":"GET","path":"/api/rates","service":"currency-exchange-api","statusCode":200,"timestamp":"2025-11-18T05:02:30.737Z"}
{"cacheEnabled":true,"cacheTTL":300,"environment":"development","level":"info","message":"Server started on port 3000","service":"currency-exchange-api","timestamp":"2025-11-18T05:04:38.829Z","version":"1.0.0"}
{"level":"info","message":"Fetching fresh market data","service":"currency-exchange-api","timestamp":"2025-11-18T05:04:42.496Z"}
{"level":"debug","message":"Fetching Binance Spot rate","service":"currency-exchange-api","timestamp":"2025-11-18T05:04:42.498Z"}
{"level":"debug","message":"Fetching CoinGecko rates","service":"currency-exchange-api","timestamp":"2025-11-18T05:04:42.533Z"}
{"level":"debug","message":"Fetching Binance P2P data","service":"currency-exchange-api","timestamp":"2025-11-18T05:04:42.536Z"}
{"error":"HTTP 400","level":"error","message":"Binance Spot fetch failed","service":"currency-exchange-api","timestamp":"2025-11-18T05:04:43.062Z"}
{"adsCount":20,"level":"debug","message":"Binance P2P data fetched","service":"currency-exchange-api","timestamp":"2025-11-18T05:04:43.223Z"}
{"inr":88.53,"level":"debug","message":"CoinGecko rates fetched","ngn":1442.15,"service":"currency-exchange-api","timestamp":"2025-11-18T05:04:43.310Z"}
{"level":"debug","message":"Analyzing P2P data","service":"currency-exchange-api","timestamp":"2025-11-18T05:04:43.311Z"}
{"level":"warn","message":"No ads passed strict filter, trying relaxed","service":"currency-exchange-api","timestamp":"2025-11-18T05:04:43.312Z"}
{"goodAds":3,"level":"debug","lowestRate":96.6,"message":"P2P analysis complete","service":"currency-exchange-api","timestamp":"2025-11-18T05:04:43.313Z","totalAds":20}
{"level":"info","message":"Market data cached","service":"currency-exchange-api","timestamp":"2025-11-18T05:04:43.315Z","ttl":300}
{"duration":825,"ip":"::1","level":"info","message":"Request completed","method":"GET","path":"/api/rates","service":"currency-exchange-api","statusCode":200,"timestamp":"2025-11-18T05:04:43.321Z"}
{"cacheEnabled":true,"cacheTTL":300,"environment":"development","level":"info","message":"Server started on port 3000","service":"currency-exchange-api","timestamp":"2025-11-18T05:05:29.993Z","version":"1.0.0"}
{"level":"info","message":"Fetching fresh market data","service":"currency-exchange-api","timestamp":"2025-11-18T05:05:31.615Z"}
{"level":"debug","message":"Fetching Binance Spot rate","service":"currency-exchange-api","timestamp":"2025-11-18T05:05:31.617Z"}
{"level":"debug","message":"Fetching CoinGecko rates","service":"currency-exchange-api","timestamp":"2025-11-18T05:05:31.651Z"}
{"level":"debug","message":"Fetching Binance P2P data","service":"currency-exchange-api","timestamp":"2025-11-18T05:05:31.654Z"}
{"inr":88.53,"level":"debug","message":"CoinGecko rates fetched","ngn":1442.15,"service":"currency-exchange-api","timestamp":"2025-11-18T05:05:32.523Z"}
{"error":"HTTP 400","level":"error","message":"Binance Spot fetch failed","service":"currency-exchange-api","timestamp":"2025-11-18T05:05:32.691Z"}
{"adsCount":20,"level":"debug","message":"Binance P2P data fetched","service":"currency-exchange-api","timestamp":"2025-11-18T05:05:33.103Z"}
{"level":"debug","message":"Analyzing P2P data","service":"currency-exchange-api","timestamp":"2025-11-18T05:05:33.105Z"}
{"level":"warn","message":"No ads passed strict filter, trying relaxed","service":"currency-exchange-api","timestamp":"2025-11-18T05:05:33.106Z"}
{"goodAds":4,"level":"debug","lowestRate":96.55,"message":"P2P analysis complete","service":"currency-exchange-api","timestamp":"2025-11-18T05:05:33.106Z","totalAds":20}
{"level":"info","message":"Market data cached","service":"currency-exchange-api","timestamp":"2025-11-18T05:05:33.108Z","ttl":300}
{"duration":1500,"ip":"::1","level":"info","message":"Request completed","method":"GET","path":"/api/rates","service":"currency-exchange-api","statusCode":200,"timestamp":"2025-11-18T05:05:33.114Z"}
{"cacheEnabled":true,"cacheTTL":300,"environment":"development","level":"info","message":"Server started on port 3000","service":"currency-exchange-api","timestamp":"2025-11-18T05:10:00.579Z","version":"1.0.0"}
{"level":"info","message":"Fetching fresh market data","service":"currency-exchange-api","timestamp":"2025-11-18T05:10:01.344Z"}
{"level":"debug","message":"Fetching Binance Spot rate","service":"currency-exchange-api","timestamp":"2025-11-18T05:10:01.345Z"}
{"level":"debug","message":"Fetching CoinGecko rates","service":"currency-exchange-api","timestamp":"2025-11-18T05:10:01.379Z"}
{"level":"debug","message":"Fetching Binance P2P data","service":"currency-exchange-api","timestamp":"2025-11-18T05:10:01.382Z"}
{"inr":88.53,"level":"debug","message":"CoinGecko rates fetched","ngn":1442.02,"service":"currency-exchange-api","timestamp":"2025-11-18T05:10:02.004Z"}
{"error":"HTTP 400","level":"error","message":"Binance Spot fetch failed","service":"currency-exchange-api","timestamp":"2025-11-18T05:10:02.045Z"}
{"adsCount":20,"level":"debug","message":"Binance P2P data fetched","service":"currency-exchange-api","timestamp":"2025-11-18T05:10:02.078Z"}
{"level":"debug","message":"Analyzing P2P data","service":"currency-exchange-api","timestamp":"2025-11-18T05:10:02.080Z"}
{"level":"warn","message":"No ads passed strict filter, trying relaxed","service":"currency-exchange-api","timestamp":"2025-11-18T05:10:02.081Z"}
{"goodAds":4,"level":"debug","lowestRate":96.6,"message":"P2P analysis complete","service":"currency-exchange-api","timestamp":"2025-11-18T05:10:02.082Z","totalAds":20}
{"level":"info","message":"Market data cached","service":"currency-exchange-api","timestamp":"2025-11-18T05:10:02.083Z","ttl":300}
{"duration":746,"ip":"::1","level":"info","message":"Request completed","method":"GET","path":"/api/rates","service":"currency-exchange-api","statusCode":200,"timestamp":"2025-11-18T05:10:02.090Z"}
{"cacheEnabled":true,"cacheTTL":300,"environment":"development","level":"info","message":"Server started on port 3000","service":"currency-exchange-api","timestamp":"2025-11-18T05:10:44.133Z","version":"1.0.0"}
{"level":"info","message":"Fetching fresh market data","service":"currency-exchange-api","timestamp":"2025-11-18T05:10:46.053Z"}
{"level":"debug","message":"Fetching Binance Spot rate","service":"currency-exchange-api","timestamp":"2025-11-18T05:10:46.055Z"}
{"level":"debug","message":"Fetching CoinGecko rates","service":"currency-exchange-api","timestamp":"2025-11-18T05:10:46.089Z"}
{"level":"debug","message":"Fetching Binance P2P data","service":"currency-exchange-api","timestamp":"2025-11-18T05:10:46.092Z"}
{"inr":88.53,"level":"debug","message":"CoinGecko rates fetched","ngn":1442.02,"service":"currency-exchange-api","timestamp":"2025-11-18T05:10:48.822Z"}
{"error":"HTTP 400","level":"error","message":"Binance Spot fetch failed","service":"currency-exchange-api","timestamp":"2025-11-18T05:10:48.953Z"}
{"adsCount":20,"level":"debug","message":"Binance P2P data fetched","service":"currency-exchange-api","timestamp":"2025-11-18T05:10:48.972Z"}
{"level":"debug","message":"Analyzing P2P data","service":"currency-exchange-api","timestamp":"2025-11-18T05:10:48.974Z"}
{"level":"warn","message":"No ads passed strict filter, trying relaxed","service":"currency-exchange-api","timestamp":"2025-11-18T05:10:48.975Z"}
{"goodAds":5,"level":"debug","lowestRate":96.6,"message":"P2P analysis complete","service":"currency-exchange-api","timestamp":"2025-11-18T05:10:48.976Z","totalAds":20}
{"level":"info","message":"Market data cached","service":"currency-exchange-api","timestamp":"2025-11-18T05:10:48.977Z","ttl":300}
{"baseCostPerInr":15.134782608695653,"finalRate":0.28629283613387246,"level":"warn","message":"Profit margin below minimum","minRequired":0.5,"profitMargin":-5186.4692016319,"service":"currency-exchange-api","timestamp":"2025-11-18T05:10:48.978Z"}
{"error":"Insufficient profit margin - rates unfavorable","ip":"::1","level":"error","message":"Request error","method":"GET","path":"/api/rates","service":"currency-exchange-api","stack":"APIError: Insufficient profit margin - rates unfavorable\n    at calculateCompetitiveRate (/Users/mac/Desktop/Lovra copy/script.js:531:11)\n    at /Users/mac/Desktop/Lovra copy/script.js:801:25\n    at process.processTicksAndRejections (node:internal/process/task_queues:105:5)","timestamp":"2025-11-18T05:10:48.979Z"}
{"duration":2934,"ip":"::1","level":"info","message":"Request completed","method":"GET","path":"/api/rates","service":"currency-exchange-api","statusCode":503,"timestamp":"2025-11-18T05:10:48.986Z"}
{"cacheEnabled":true,"cacheTTL":300,"environment":"development","level":"info","message":"Server started on port 3000","service":"currency-exchange-api","timestamp":"2025-11-18T05:11:24.629Z","version":"1.0.0"}
{"level":"info","message":"Fetching fresh market data","service":"currency-exchange-api","timestamp":"2025-11-18T05:11:25.418Z"}
{"level":"debug","message":"Fetching Binance Spot rate","service":"currency-exchange-api","timestamp":"2025-11-18T05:11:25.421Z"}
{"level":"debug","message":"Fetching CoinGecko rates","service":"currency-exchange-api","timestamp":"2025-11-18T05:11:25.456Z"}
{"level":"debug","message":"Fetching Binance P2P data","service":"currency-exchange-api","timestamp":"2025-11-18T05:11:25.459Z"}
{"error":"HTTP 400","level":"error","message":"Binance Spot fetch failed","service":"currency-exchange-api","timestamp":"2025-11-18T05:11:25.936Z"}
{"adsCount":20,"level":"debug","message":"Binance P2P data fetched","service":"currency-exchange-api","timestamp":"2025-11-18T05:11:25.963Z"}
{"inr":88.53,"level":"debug","message":"CoinGecko rates fetched","ngn":1442.13,"service":"currency-exchange-api","timestamp":"2025-11-18T05:11:25.984Z"}
{"level":"debug","message":"Analyzing P2P data","service":"currency-exchange-api","timestamp":"2025-11-18T05:11:25.986Z"}
{"level":"warn","message":"No ads passed strict filter, trying relaxed","service":"currency-exchange-api","timestamp":"2025-11-18T05:11:25.987Z"}
{"goodAds":5,"level":"debug","lowestRate":96.6,"message":"P2P analysis complete","service":"currency-exchange-api","timestamp":"2025-11-18T05:11:25.988Z","totalAds":20}
{"level":"info","message":"Market data cached","service":"currency-exchange-api","timestamp":"2025-11-18T05:11:25.990Z","ttl":300}
{"duration":580,"ip":"::1","level":"info","message":"Request completed","method":"GET","path":"/api/rates","service":"currency-exchange-api","statusCode":200,"timestamp":"2025-11-18T05:11:26.005Z"}
{"cacheEnabled":true,"cacheTTL":300,"environment":"development","level":"info","message":"Server started on port 3000","service":"currency-exchange-api","timestamp":"2025-11-18T05:19:44.190Z","version":"1.0.0"}
{"level":"info","message":"Fetching fresh market data","service":"currency-exchange-api","timestamp":"2025-11-18T05:19:54.834Z"}
{"level":"debug","message":"Fetching Binance Spot rate","service":"currency-exchange-api","timestamp":"2025-11-18T05:19:54.835Z"}
{"level":"debug","message":"Fetching CoinGecko rates","service":"currency-exchange-api","timestamp":"2025-11-18T05:19:54.871Z"}
{"level":"debug","message":"Fetching Binance P2P data","service":"currency-exchange-api","timestamp":"2025-11-18T05:19:54.875Z"}
{"error":"HTTP 400","level":"error","message":"Binance Spot fetch failed","service":"currency-exchange-api","timestamp":"2025-11-18T05:19:55.295Z"}
{"adsCount":20,"level":"debug","message":"Binance P2P data fetched","service":"currency-exchange-api","timestamp":"2025-11-18T05:19:55.311Z"}
{"inr":88.53,"level":"debug","message":"CoinGecko rates fetched","ngn":1442.38,"service":"currency-exchange-api","timestamp":"2025-11-18T05:19:55.941Z"}
{"level":"debug","message":"Analyzing P2P data","service":"currency-exchange-api","timestamp":"2025-11-18T05:19:55.943Z"}
{"level":"warn","message":"No ads passed strict filter, trying relaxed","service":"currency-exchange-api","timestamp":"2025-11-18T05:19:55.945Z"}
{"goodAds":6,"level":"debug","lowestRate":96.6,"message":"P2P analysis complete","service":"currency-exchange-api","timestamp":"2025-11-18T05:19:55.946Z","totalAds":20}
{"level":"info","message":"Market data cached","service":"currency-exchange-api","timestamp":"2025-11-18T05:19:55.947Z","ttl":300}
{"duration":1120,"ip":"::1","level":"info","message":"Request completed","method":"GET","path":"/api/rates","service":"currency-exchange-api","statusCode":200,"timestamp":"2025-11-18T05:19:55.953Z"}
{"cacheEnabled":true,"cacheTTL":300,"environment":"development","level":"info","message":"Server started on port 3000","service":"currency-exchange-api","timestamp":"2025-11-18T05:22:38.449Z","version":"1.0.0"}
{"level":"info","message":"Fetching fresh market data","service":"currency-exchange-api","timestamp":"2025-11-18T05:22:41.873Z"}
{"level":"debug","message":"Fetching Binance Spot rate","service":"currency-exchange-api","timestamp":"2025-11-18T05:22:41.876Z"}
{"level":"debug","message":"Fetching CoinGecko rates","service":"currency-exchange-api","timestamp":"2025-11-18T05:22:41.910Z"}
{"level":"debug","message":"Fetching Binance P2P data","service":"currency-exchange-api","timestamp":"2025-11-18T05:22:41.914Z"}
{"error":"HTTP 400","level":"error","message":"Binance Spot fetch failed","service":"currency-exchange-api","timestamp":"2025-11-18T05:22:42.495Z"}
{"inr":88.53,"level":"debug","message":"CoinGecko rates fetched","ngn":1442.34,"service":"currency-exchange-api","timestamp":"2025-11-18T05:22:42.618Z"}
{"adsCount":20,"level":"debug","message":"Binance P2P data fetched","service":"currency-exchange-api","timestamp":"2025-11-18T05:22:42.965Z"}
{"level":"debug","message":"Analyzing P2P data","service":"currency-exchange-api","timestamp":"2025-11-18T05:22:42.966Z"}
{"level":"warn","message":"No ads passed strict filter, trying relaxed","service":"currency-exchange-api","timestamp":"2025-11-18T05:22:42.967Z"}
{"goodAds":5,"level":"debug","lowestRate":96.6,"message":"P2P analysis complete","service":"currency-exchange-api","timestamp":"2025-11-18T05:22:42.968Z","totalAds":20}
{"level":"info","message":"Market data cached","service":"currency-exchange-api","timestamp":"2025-11-18T05:22:42.970Z","ttl":300}
{"duration":1104,"ip":"::1","level":"info","message":"Request completed","method":"GET","path":"/api/rates","service":"currency-exchange-api","statusCode":200,"timestamp":"2025-11-18T05:22:42.976Z"}
{"level":"debug","message":"Using cached market data","service":"currency-exchange-api","timestamp":"2025-11-18T05:26:59.172Z"}
{"duration":4,"ip":"::1","level":"info","message":"Request completed","method":"GET","path":"/api/rates","service":"currency-exchange-api","statusCode":200,"timestamp":"2025-11-18T05:26:59.175Z"}
{"level":"debug","message":"Using cached market data","service":"currency-exchange-api","timestamp":"2025-11-18T05:27:05.971Z"}
{"duration":5,"ip":"::1","level":"info","message":"Request completed","method":"GET","path":"/api/rates","service":"currency-exchange-api","statusCode":200,"timestamp":"2025-11-18T05:27:05.975Z"}
{"level":"debug","message":"Using cached market data","service":"currency-exchange-api","timestamp":"2025-11-18T05:27:09.644Z"}
{"duration":5,"ip":"::1","level":"info","message":"Request completed","method":"GET","path":"/api/rates","service":"currency-exchange-api","statusCode":200,"timestamp":"2025-11-18T05:27:09.648Z"}
{"level":"debug","message":"Using cached market data","service":"currency-exchange-api","timestamp":"2025-11-18T05:27:13.157Z"}
{"duration":14,"ip":"::1","level":"info","message":"Request completed","method":"GET","path":"/api/rates","service":"currency-exchange-api","statusCode":200,"timestamp":"2025-11-18T05:27:13.170Z"}
{"level":"info","message":"Fetching fresh market data","service":"currency-exchange-api","timestamp":"2025-11-18T05:28:35.008Z"}
{"level":"debug","message":"Fetching Binance Spot rate","service":"currency-exchange-api","timestamp":"2025-11-18T05:28:35.010Z"}
{"level":"debug","message":"Fetching CoinGecko rates","service":"currency-exchange-api","timestamp":"2025-11-18T05:28:35.015Z"}
{"level":"debug","message":"Fetching Binance P2P data","service":"currency-exchange-api","timestamp":"2025-11-18T05:28:35.019Z"}
{"error":"HTTP 400","level":"error","message":"Binance Spot fetch failed","service":"currency-exchange-api","timestamp":"2025-11-18T05:28:36.514Z"}
{"inr":88.53,"level":"debug","message":"CoinGecko rates fetched","ngn":1442.36,"service":"currency-exchange-api","timestamp":"2025-11-18T05:28:36.589Z"}
{"adsCount":20,"level":"debug","message":"Binance P2P data fetched","service":"currency-exchange-api","timestamp":"2025-11-18T05:28:36.654Z"}
{"level":"debug","message":"Analyzing P2P data","service":"currency-exchange-api","timestamp":"2025-11-18T05:28:36.655Z"}
{"level":"warn","message":"No ads passed strict filter, trying relaxed","service":"currency-exchange-api","timestamp":"2025-11-18T05:28:36.656Z"}
{"goodAds":4,"level":"debug","lowestRate":96.66,"message":"P2P analysis complete","service":"currency-exchange-api","timestamp":"2025-11-18T05:28:36.657Z","totalAds":20}
{"level":"info","message":"Market data cached","service":"currency-exchange-api","timestamp":"2025-11-18T05:28:36.657Z","ttl":300}
{"duration":1651,"ip":"::1","level":"info","message":"Request completed","method":"GET","path":"/api/rates","service":"currency-exchange-api","statusCode":200,"timestamp":"2025-11-18T05:28:36.659Z"}
{"duration":8,"ip":"::1","level":"info","message":"Request completed","method":"GET","path":"/api/convert","service":"currency-exchange-api","statusCode":404,"timestamp":"2025-11-18T05:30:14.180Z"}
{"duration":2,"ip":"::1","level":"info","message":"Request completed","method":"GET","path":"/api/convert","service":"currency-exchange-api","statusCode":404,"timestamp":"2025-11-18T05:30:24.552Z"}
{"error":"Admin API key not configured","ip":"::1","level":"error","message":"Request error","method":"GET","path":"/api/admin/cache/stats","service":"currency-exchange-api","stack":"APIError: Admin API key not configured\n    at validateAdminAuth (/Users/mac/Desktop/Lovra copy/script.js:608:11)\n    at /Users/mac/Desktop/Lovra copy/script.js:926:5\n    at Layer.handleRequest (/Users/mac/node_modules/router/lib/layer.js:152:17)\n    at next (/Users/mac/node_modules/router/lib/route.js:157:13)\n    at Route.dispatch (/Users/mac/node_modules/router/lib/route.js:117:3)\n    at handle (/Users/mac/node_modules/router/index.js:435:11)\n    at Layer.handleRequest (/Users/mac/node_modules/router/lib/layer.js:152:17)\n    at /Users/mac/node_modules/router/index.js:295:15\n    at processParams (/Users/mac/node_modules/router/index.js:582:12)\n    at next (/Users/mac/node_modules/router/index.js:291:5)","timestamp":"2025-11-18T05:30:52.089Z"}
{"duration":4,"ip":"::1","level":"info","message":"Request completed","method":"GET","path":"/api/admin/cache/stats","service":"currency-exchange-api","statusCode":500,"timestamp":"2025-11-18T05:30:52.092Z"}
